../verification.out ipw.txt multilayer.txt 

-- incident plane wave --
wavelength in vacuum                         : 0.6328         
refractive index                             : 1.515          
p-polarization amplitude                     : 0.000000e+00 +0.000000e+00 I
s-polarization amplitude                     : 1.000000e-03 +0.000000e+00 I
incident angle (theta)                 [rad] : 0.75049157835756
parameter for incident direction (phi) [rad] : 0              

-- multilayer --
number of layers : 3
 layer 0, refractive index n_00 = 1.515000 +0.000000 I
z_01 ------------------------------------------------ : 0
 layer 1, refractive index n_01 = 0.066600 +4.045000 I
z_02 ------------------------------------------------ : 0.054
 layer 2, refractive index n_02 = 1.000000 +0.000000 I

-- verification using boundary conditions --
boundary 1, z=0.00000000000000
  electromagnetic field at r=(-8.2, -0.8, 0), layer id=0
    E_x= 0.00000000000000e+00 -0.00000000000000e+00 I
    E_y=-4.31767919841956e-04 +2.90601816446629e-04 I
    E_z= 0.00000000000000e+00 -0.00000000000000e+00 I
    H_x= 1.21882753026091e-03 +1.74679755601686e-03 I
    H_y= 0.00000000000000e+00 -0.00000000000000e+00 I
    H_z=-4.46114495088611e-04 +3.00257792805392e-04 I
  electromagnetic field at r=(-8.2, -0.8, 0), layer id=1
    E_x= 0.00000000000000e+00 -0.00000000000000e+00 I
    E_y=-4.31767919841956e-04 +2.90601816446629e-04 I
    E_z= 0.00000000000000e+00 -0.00000000000000e+00 I
    H_x= 1.21882753026091e-03 +1.74679755601686e-03 I
    H_y= 0.00000000000000e+00 -0.00000000000000e+00 I
    H_z=-4.46114495088611e-04 +3.00257792805392e-04 I
  boundary condition : n dot D_0 = n dot D_1, n dot B_0 = n dot B_1, n=(0,0,1)
    n dot D_0 =  0.00000000000000 +0.00000000000000 I
    n dot D_1 =  0.00000000000000 +0.00000000000000 I
    n dot B_0 = -0.00044611449509 +0.00030025779281 I
    n dot B_1 = -0.00044611449509 +0.00030025779281 I
  boundary condition : n times E_0 = n times E_1, n times H_0 = n times H_1
    n times E_0 = ( 0.00043176791984 -0.00029060181645 I,  0.00000000000000 -0.00000000000000 I, 0)
    n times E_1 = ( 0.00043176791984 -0.00029060181645 I,  0.00000000000000 -0.00000000000000 I, 0)
    n times H_0 = (-0.00000000000000 +0.00000000000000 I,  0.00121882753026 +0.00174679755602 I, 0)
    n times H_1 = (-0.00000000000000 +0.00000000000000 I,  0.00121882753026 +0.00174679755602 I, 0)

boundary 2, z=0.05400000000000
  electromagnetic field at r=(-8.2, -0.8, 0.054), layer id=1
    E_x= 0.00000000000000e+00 -0.00000000000000e+00 I
    E_y=-8.76791785910020e-05 +5.48952575293745e-05 I
    E_z= 0.00000000000000e+00 -0.00000000000000e+00 I
    H_x= 1.42684484518918e-05 +2.27896888790381e-05 I
    H_y= 0.00000000000000e+00 -0.00000000000000e+00 I
    H_z=-9.05925398561956e-05 +5.67192905495164e-05 I
  electromagnetic field at r=(-8.2, -0.8, 0.054), layer id=2
    E_x= 0.00000000000000e+00 -0.00000000000000e+00 I
    E_y=-8.76791785909995e-05 +5.48952575293750e-05 I
    E_z= 0.00000000000000e+00 -0.00000000000000e+00 I
    H_x= 1.42684484518857e-05 +2.27896888790422e-05 I
    H_y= 0.00000000000000e+00 -0.00000000000000e+00 I
    H_z=-9.05925398561930e-05 +5.67192905495170e-05 I
  boundary condition : n dot D_0 = n dot D_1, n dot B_0 = n dot B_1, n=(0,0,1)
    n dot D_0 =  0.00000000000000 +0.00000000000000 I
    n dot D_1 =  0.00000000000000 +0.00000000000000 I
    n dot B_0 = -0.00009059253986 +0.00005671929055 I
    n dot B_1 = -0.00009059253986 +0.00005671929055 I
  boundary condition : n times E_0 = n times E_1, n times H_0 = n times H_1
    n times E_0 = ( 0.00008767917859 -0.00005489525753 I,  0.00000000000000 -0.00000000000000 I, 0)
    n times E_1 = ( 0.00008767917859 -0.00005489525753 I,  0.00000000000000 -0.00000000000000 I, 0)
    n times H_0 = (-0.00000000000000 +0.00000000000000 I,  0.00001426844845 +0.00002278968888 I, 0)
    n times H_1 = (-0.00000000000000 +0.00000000000000 I,  0.00001426844845 +0.00002278968888 I, 0)

-- verification using Maxwell's equations --
electromagnetic field at r=(-8, 4.4, 6.2), layer id=2
  E_x= 0.00000000000000e+00 +0.00000000000000e+00 I
  E_y=-1.04651803785072e-12 -1.33278677447830e-11 I
  E_z= 0.00000000000000e+00 +0.00000000000000e+00 I
  H_x=-3.46419713557634e-12 +2.72012362252808e-13 I
  H_y= 0.00000000000000e+00 +0.00000000000000e+00 I
  H_z=-1.08129123216887e-12 -1.37707196767839e-11 I
Faraday equation : rot E = -dB/dt
   rot E = (-0.00000000000270 -0.00000000003440 I,  0.00000000000000 +0.00000000000000 I,  0.00000000013673 -0.00000000001074 I)
  -dB/dt = (-0.00000000000270 -0.00000000003440 I,  0.00000000000000 +0.00000000000000 I,  0.00000000013673 -0.00000000001074 I)
Ampere equation  : rot H = dD/dt
   rot H = ( 0.00000000000000 -0.00000000000000 I, -0.00000000013233 +0.00000000001039 I,  0.00000000000000 +0.00000000000000 I)
   dD/dt = ( 0.00000000000000 +0.00000000000000 I, -0.00000000013233 +0.00000000001039 I,  0.00000000000000 +0.00000000000000 I)
Gauss's law in this system : div D = 0, div B = 0
   div D =  0.00000000000000 +0.00000000000000 I
   div B =  0.00000000000000 +0.00000000000000 I
