../verification.out ipw.txt multilayer.txt 

-- incident plane wave --
wavelength in vacuum                         : 0.6328         
refractive index                             : 1.515          
p-polarization amplitude                     : 1.000000e-03 +0.000000e+00 I
s-polarization amplitude                     : 0.000000e+00 +0.000000e+00 I
incident angle (theta)                 [rad] : 1.22173        
parameter for incident direction (phi) [rad] : 0              

-- multilayer --
number of layers : 5
 layer 0, refractive index n_00 = 1.515000 +0.000000 I
z_01 ------------------------------------------------ : 0
 layer 1, refractive index n_01 = 1.600000 +0.000000 I
z_02 ------------------------------------------------ : 1
 layer 2, refractive index n_02 = 1.515000 +0.000000 I
z_03 ------------------------------------------------ : 2
 layer 3, refractive index n_03 = 1.600000 +0.000000 I
z_04 ------------------------------------------------ : 3
 layer 4, refractive index n_04 = 1.515000 +0.000000 I

-- verification using boundary conditions --
boundary 1, z=0.00000000000000
  electromagnetic field at r=(-8.6, 6.8, 0), layer id=0
    E_x=-3.18710348254168e-04 -3.06581727943148e-04 I
    E_y= 0.00000000000000e+00 -0.00000000000000e+00 I
    E_z= 2.07373666950617e-04 +6.93627778290344e-04 I
    H_x= 0.00000000000000e+00 -0.00000000000000e+00 I
    H_y=-3.34333965124523e-04 -1.11828723890747e-03 I
    H_z= 0.00000000000000e+00 -0.00000000000000e+00 I
  electromagnetic field at r=(-8.6, 6.8, 0), layer id=1
    E_x=-3.18710348254168e-04 -3.06581727943148e-04 I
    E_y= 0.00000000000000e+00 -0.00000000000000e+00 I
    E_z= 1.85925478408879e-04 +6.21887428682209e-04 I
    H_x= 0.00000000000000e+00 -0.00000000000000e+00 I
    H_y=-3.34333965124523e-04 -1.11828723890747e-03 I
    H_z= 0.00000000000000e+00 -0.00000000000000e+00 I
  boundary condition : n dot D_0 = n dot D_1, n dot B_0 = n dot B_1, n=(0,0,1)
    n dot D_0 =  0.00047596922473 +0.00159203181743 I
    n dot D_1 =  0.00047596922473 +0.00159203181743 I
    n dot B_0 =  0.00000000000000 -0.00000000000000 I
    n dot B_1 =  0.00000000000000 -0.00000000000000 I
  boundary condition : n times E_0 = n times E_1, n times H_0 = n times H_1
    n times E_0 = (-0.00000000000000 +0.00000000000000 I, -0.00031871034825 -0.00030658172794 I, 0)
    n times E_1 = (-0.00000000000000 +0.00000000000000 I, -0.00031871034825 -0.00030658172794 I, 0)
    n times H_0 = ( 0.00033433396512 +0.00111828723891 I,  0.00000000000000 -0.00000000000000 I, 0)
    n times H_1 = ( 0.00033433396512 +0.00111828723891 I,  0.00000000000000 -0.00000000000000 I, 0)

boundary 2, z=1.00000000000000
  electromagnetic field at r=(-8.6, 6.8, 1), layer id=1
    E_x= 8.19068112884423e-05 -2.52455793011994e-04 I
    E_y= 0.00000000000000e+00 -0.00000000000000e+00 I
    E_z=-3.86741055543797e-04 +8.64464099582941e-04 I
    H_x= 0.00000000000000e+00 -0.00000000000000e+00 I
    H_y= 6.95443527605444e-04 -1.55449222233956e-03 I
    H_z= 0.00000000000000e+00 -0.00000000000000e+00 I
  electromagnetic field at r=(-8.6, 6.8, 1), layer id=2
    E_x= 8.19068112884423e-05 -2.52455793011994e-04 I
    E_y= 0.00000000000000e+00 -0.00000000000000e+00 I
    E_z=-4.31355140429422e-04 +9.64187866083860e-04 I
    H_x= 0.00000000000000e+00 -0.00000000000000e+00 I
    H_y= 6.95443527605444e-04 -1.55449222233956e-03 I
    H_z= 0.00000000000000e+00 -0.00000000000000e+00 I
  boundary condition : n dot D_0 = n dot D_1, n dot B_0 = n dot B_1, n=(0,0,1)
    n dot D_0 = -0.00099005710219 +0.00221302809493 I
    n dot D_1 = -0.00099005710219 +0.00221302809493 I
    n dot B_0 =  0.00000000000000 -0.00000000000000 I
    n dot B_1 =  0.00000000000000 -0.00000000000000 I
  boundary condition : n times E_0 = n times E_1, n times H_0 = n times H_1
    n times E_0 = (-0.00000000000000 +0.00000000000000 I,  0.00008190681129 -0.00025245579301 I, 0)
    n times E_1 = (-0.00000000000000 +0.00000000000000 I,  0.00008190681129 -0.00025245579301 I, 0)
    n times H_0 = (-0.00069544352761 +0.00155449222234 I,  0.00000000000000 -0.00000000000000 I, 0)
    n times H_1 = (-0.00069544352761 +0.00155449222234 I,  0.00000000000000 -0.00000000000000 I, 0)

boundary 3, z=2.00000000000000
  electromagnetic field at r=(-8.6, 6.8, 2), layer id=2
    E_x=-2.84285706507560e-04 -2.48363367782118e-04 I
    E_y= 0.00000000000000e+00 -0.00000000000000e+00 I
    E_z= 4.48930532901429e-04 +6.08468165257252e-04 I
    H_x= 0.00000000000000e+00 -0.00000000000000e+00 I
    H_y=-7.23779095665709e-04 -9.80990389637775e-04 I
    H_z= 0.00000000000000e+00 -0.00000000000000e+00 I
  electromagnetic field at r=(-8.6, 6.8, 2), layer id=3
    E_x=-2.84285706507560e-04 -2.48363367782118e-04 I
    E_y= 0.00000000000000e+00 -0.00000000000000e+00 I
    E_z= 4.02498664991673e-04 +5.45535681485381e-04 I
    H_x= 0.00000000000000e+00 -0.00000000000000e+00 I
    H_y=-7.23779095665709e-04 -9.80990389637775e-04 I
    H_z= 0.00000000000000e+00 -0.00000000000000e+00 I
  boundary condition : n dot D_0 = n dot D_1, n dot B_0 = n dot B_1, n=(0,0,1)
    n dot D_0 =  0.00103039658238 +0.00139657134460 I
    n dot D_1 =  0.00103039658238 +0.00139657134460 I
    n dot B_0 =  0.00000000000000 -0.00000000000000 I
    n dot B_1 =  0.00000000000000 -0.00000000000000 I
  boundary condition : n times E_0 = n times E_1, n times H_0 = n times H_1
    n times E_0 = (-0.00000000000000 +0.00000000000000 I, -0.00028428570651 -0.00024836336778 I, 0)
    n times E_1 = (-0.00000000000000 +0.00000000000000 I, -0.00028428570651 -0.00024836336778 I, 0)
    n times H_0 = ( 0.00072377909567 +0.00098099038964 I,  0.00000000000000 -0.00000000000000 I, 0)
    n times H_1 = ( 0.00072377909567 +0.00098099038964 I,  0.00000000000000 -0.00000000000000 I, 0)

boundary 4, z=3.00000000000000
  electromagnetic field at r=(-8.6, 6.8, 3), layer id=3
    E_x= 6.91818727879100e-05 -3.10916660621236e-04 I
    E_y= 0.00000000000000e+00 -0.00000000000000e+00 I
    E_z=-1.70416288601223e-04 +7.65883622864523e-04 I
    H_x= 0.00000000000000e+00 -0.00000000000000e+00 I
    H_y= 3.06445108962166e-04 -1.37722334048867e-03 I
    H_z= 0.00000000000000e+00 -0.00000000000000e+00 I
  electromagnetic field at r=(-8.6, 6.8, 3), layer id=4
    E_x= 6.91818727879100e-05 -3.10916660621236e-04 I
    E_y= 0.00000000000000e+00 -0.00000000000000e+00 I
    E_z=-1.90075351575175e-04 +8.54235238171935e-04 I
    H_x= 0.00000000000000e+00 -0.00000000000000e+00 I
    H_y= 3.06445108962166e-04 -1.37722334048867e-03 I
    H_z= 0.00000000000000e+00 -0.00000000000000e+00 I
  boundary condition : n dot D_0 = n dot D_1, n dot B_0 = n dot B_1, n=(0,0,1)
    n dot D_0 = -0.00043626569882 +0.00196066207453 I
    n dot D_1 = -0.00043626569882 +0.00196066207453 I
    n dot B_0 =  0.00000000000000 -0.00000000000000 I
    n dot B_1 =  0.00000000000000 -0.00000000000000 I
  boundary condition : n times E_0 = n times E_1, n times H_0 = n times H_1
    n times E_0 = (-0.00000000000000 +0.00000000000000 I,  0.00006918187279 -0.00031091666062 I, 0)
    n times E_1 = (-0.00000000000000 +0.00000000000000 I,  0.00006918187279 -0.00031091666062 I, 0)
    n times H_0 = (-0.00030644510896 +0.00137722334049 I,  0.00000000000000 -0.00000000000000 I, 0)
    n times H_1 = (-0.00030644510896 +0.00137722334049 I,  0.00000000000000 -0.00000000000000 I, 0)

-- verification using Maxwell's equations --
electromagnetic field at r=(2, 4, 1.2), layer id=2
  E_x= 2.00226369186331e-04 -2.78418222385439e-04 I
  E_y=-0.00000000000000e+00 +0.00000000000000e+00 I
  E_z=-2.19078249407069e-04 +8.43624716698876e-04 I
  H_x=-0.00000000000000e+00 +0.00000000000000e+00 I
  H_y= 3.53204439473246e-04 -1.36011674364689e-03 I
  H_z=-0.00000000000000e+00 +0.00000000000000e+00 I
Faraday equation : rot E = -dB/dt
   rot E = ( 0.00000000000000 +0.00000000000000 I,  0.01350484440539 +0.00350703056974 I, -0.00000000000000 +0.00000000000000 I)
  -dB/dt = (-0.00000000000000 +0.00000000000000 I,  0.01350484440539 +0.00350703056974 I, -0.00000000000000 +0.00000000000000 I)
Ampere equation  : rot H = dD/dt
   rot H = (-0.00634506857079 -0.00456309946699 I,  0.00000000000000 +0.00000000000000 I,  0.01922595665473 +0.00499272821638 I)
   dD/dt = (-0.00634506857079 -0.00456309946699 I,  0.00000000000000 +0.00000000000000 I,  0.01922595665473 +0.00499272821638 I)
Gauss's law in this system : div D = 0, div B = 0
   div D =  0.00000000000000 +0.00000000000000 I
   div B =  0.00000000000000 +0.00000000000000 I
