../example1.out ipw.txt multilayer.txt 

-- incident plane wave --
wavelength in vacuum                         : 0.6328         
refractive index                             : 1.515          
p-polarization amplitude                     : 1.000000e-03 +0.000000e+00 I
s-polarization amplitude                     : 0.000000e+00 +0.000000e+00 I
incident angle (theta)                 [rad] : 0.75049157835756
parameter for incident direction (phi) [rad] : 0              

-- multilayer --
number of layers : 2
 layer 0, refractive index n_00 = 1.515000 +0.000000 I
z_01 ------------------------------------------------ : 0
 layer 1, refractive index n_01 = 1.000000 +0.000000 I

power reflection and transmission coefficients
p-polarization Rp= 1.00000000000000,	Tp= 0.00000000000000,	Rp+Tp=1.00000000000000 
s-polarization Rs= 1.00000000000000,	Ts= 0.00000000000000,	Rs+Ts=1.00000000000000 

electromagnetic field at r=(0, 0, 0), layer id=0
E_x= 3.28741294150117e-04 +6.10558339738338e-04 I
E_y= 0.00000000000000e+00 +0.00000000000000e+00 I
E_z=-1.05744050389359e-03 +5.69354862773162e-04 I
H_x= 0.00000000000000e+00 +0.00000000000000e+00 I
H_y= 2.34901204638085e-03 -1.26477227455840e-03 I
H_z= 0.00000000000000e+00 +0.00000000000000e+00 I
electromagnetic field at r=(0, 0, 0), layer id=1
E_x= 3.28741294150117e-04 +6.10558339738338e-04 I
E_y= 0.00000000000000e+00 +0.00000000000000e+00 I
E_z=-2.42706388054917e-03 +1.30679751490853e-03 I
H_x= 0.00000000000000e+00 +0.00000000000000e+00 I
H_y= 2.34901204638085e-03 -1.26477227455840e-03 I
H_z= 0.00000000000000e+00 +0.00000000000000e+00 I
