../verification.out ipw.txt multilayer.txt 

-- incident plane wave --
wavelength in vacuum                         : 0.6328         
refractive index                             : 1.515          
p-polarization amplitude                     : 1.000000e-03 +0.000000e+00 I
s-polarization amplitude                     : 0.000000e+00 +0.000000e+00 I
incident angle (theta)                 [rad] : 0.75049157835756
parameter for incident direction (phi) [rad] : 0              

-- multilayer --
number of layers : 2
 layer 0, refractive index n_00 = 1.515000 +0.000000 I
z_01 ------------------------------------------------ : 0
 layer 1, refractive index n_01 = 1.000000 +0.000000 I

-- verification using boundary conditions --
boundary 1, z=0.00000000000000
  electromagnetic field at r=(-0.8, 6, 0), layer id=0
    E_x= 4.59104595947040e-04 -5.19687689563486e-04 I
    E_y= 0.00000000000000e+00 -0.00000000000000e+00 I
    E_z= 9.00059464513778e-04 +7.95134164388221e-04 I
    H_x= 0.00000000000000e+00 -0.00000000000000e+00 I
    H_y=-1.99940376486157e-03 -1.76632134267561e-03 I
    H_z= 0.00000000000000e+00 -0.00000000000000e+00 I
  electromagnetic field at r=(-0.8, 6, 0), layer id=1
    E_x= 4.59104595947041e-04 -5.19687689563486e-04 I
    E_y= 0.00000000000000e+00 -0.00000000000000e+00 I
    E_z= 2.06583898443864e-03 +1.82501181245795e-03 I
    H_x= 0.00000000000000e+00 -0.00000000000000e+00 I
    H_y=-1.99940376486157e-03 -1.76632134267561e-03 I
    H_z= 0.00000000000000e+00 -0.00000000000000e+00 I
  boundary condition : n dot D_0 = n dot D_1, n dot B_0 = n dot B_1, n=(0,0,1)
    n dot D_0 =  0.00206583898444 +0.00182501181246 I
    n dot D_1 =  0.00206583898444 +0.00182501181246 I
    n dot B_0 =  0.00000000000000 -0.00000000000000 I
    n dot B_1 =  0.00000000000000 -0.00000000000000 I
  boundary condition : n times E_0 = n times E_1, n times H_0 = n times H_1
    n times E_0 = (-0.00000000000000 +0.00000000000000 I,  0.00045910459595 -0.00051968768956 I, 0)
    n times E_1 = (-0.00000000000000 +0.00000000000000 I,  0.00045910459595 -0.00051968768956 I, 0)
    n times H_0 = ( 0.00199940376486 +0.00176632134268 I,  0.00000000000000 -0.00000000000000 I, 0)
    n times H_1 = ( 0.00199940376486 +0.00176632134268 I,  0.00000000000000 -0.00000000000000 I, 0)

-- verification using Maxwell's equations --
electromagnetic field at r=(-1.6, -9.4, -8.4), layer id=0
  E_x=-9.90281894943113e-04 -3.84414085834393e-04 I
  E_y=-0.00000000000000e+00 +0.00000000000000e+00 I
  E_z=-3.39320622215552e-04 +8.74117471610167e-04 I
  H_x=-0.00000000000000e+00 +0.00000000000000e+00 I
  H_y= 7.53771229903622e-04 -1.94177588545528e-03 I
  H_z=-0.00000000000000e+00 +0.00000000000000e+00 I
Faraday equation : rot E = -dB/dt
   rot E = ( 0.00000000000000 +0.00000000000000 I,  0.01928024290981 +0.00748433046256 I, -0.00000000000000 +0.00000000000000 I)
  -dB/dt = (-0.00000000000000 +0.00000000000000 I,  0.01928024290981 +0.00748433046256 I, -0.00000000000000 +0.00000000000000 I)
Ampere equation  : rot H = dD/dt
   rot H = (-0.00876068280768 +0.02256823017543 I,  0.00000000000000 +0.00000000000000 I,  0.01992087747984 +0.00773301616897 I)
   dD/dt = (-0.00876068280768 +0.02256823017543 I,  0.00000000000000 +0.00000000000000 I,  0.01992087747984 +0.00773301616897 I)
Gauss's law in this system : div D = 0, div B = 0
   div D =  0.00000000000000 +0.00000000000000 I
   div B =  0.00000000000000 +0.00000000000000 I
